{
  "uid" : "3b0dce315045c08b",
  "name" : "test_user_order",
  "fullName" : "testcase.test_user_api#test_user_order",
  "historyId" : "092c9ec612be8613794a573935246d0e",
  "time" : {
    "start" : 1689262767361,
    "stop" : 1689262767361,
    "duration" : 0
  },
  "status" : "failed",
  "statusMessage" : "AssertionError: assert '2' == '1'\n  - 1\n  + 2",
  "statusTrace" : "def test_user_login():\n    \turl_path = \"https://newecshop.longtest.cn/shopapi/index.php/user/login\"\n    \tres = requests.post(url=url_path, data=data[0], verify=False)\n    \tassert res.status_code == 200\n>   \tassert res.json()[\"code\"] == \"1\"\nE    AssertionError: assert '2' == '1'\nE      - 1\nE      + 2\n\ntestcase\\test_user_api.py:28: AssertionError",
  "flaky" : false,
  "newFailed" : false,
  "newBroken" : false,
  "newPassed" : false,
  "retriesCount" : 0,
  "retriesStatusChange" : false,
  "beforeStages" : [ {
    "name" : "_session_faker",
    "time" : {
      "start" : 1689262766798,
      "stop" : 1689262766928,
      "duration" : 130
    },
    "status" : "passed",
    "steps" : [ ],
    "attachments" : [ ],
    "parameters" : [ ],
    "attachmentsCount" : 0,
    "shouldDisplayMessage" : false,
    "hasContent" : false,
    "stepsCount" : 0
  }, {
    "name" : "base_url",
    "time" : {
      "start" : 1689262766928,
      "stop" : 1689262766928,
      "duration" : 0
    },
    "status" : "passed",
    "steps" : [ ],
    "attachments" : [ ],
    "parameters" : [ ],
    "attachmentsCount" : 0,
    "shouldDisplayMessage" : false,
    "hasContent" : false,
    "stepsCount" : 0
  }, {
    "name" : "sensitive_url",
    "time" : {
      "start" : 1689262766928,
      "stop" : 1689262766928,
      "duration" : 0
    },
    "status" : "passed",
    "steps" : [ ],
    "attachments" : [ ],
    "parameters" : [ ],
    "attachmentsCount" : 0,
    "shouldDisplayMessage" : false,
    "hasContent" : false,
    "stepsCount" : 0
  }, {
    "name" : "_verify_url",
    "time" : {
      "start" : 1689262766928,
      "stop" : 1689262766928,
      "duration" : 0
    },
    "status" : "passed",
    "steps" : [ ],
    "attachments" : [ ],
    "parameters" : [ ],
    "attachmentsCount" : 0,
    "shouldDisplayMessage" : false,
    "hasContent" : false,
    "stepsCount" : 0
  }, {
    "name" : "_skip_sensitive",
    "time" : {
      "start" : 1689262767362,
      "stop" : 1689262767362,
      "duration" : 0
    },
    "status" : "passed",
    "steps" : [ ],
    "attachments" : [ ],
    "parameters" : [ ],
    "attachmentsCount" : 0,
    "shouldDisplayMessage" : false,
    "hasContent" : false,
    "stepsCount" : 0
  }, {
    "name" : "get_key",
    "time" : {
      "start" : 1689262767362,
      "stop" : 1689262767438,
      "duration" : 76
    },
    "status" : "failed",
    "statusMessage" : "AssertionError: assert '2' == '1'\n  - 1\n  + 2\n",
    "statusTrace" : "  File \"C:\\Users\\syz\\AppData\\Local\\Programs\\Python\\Python37-32\\lib\\site-packages\\pluggy\\_callers.py\", line 39, in _multicall\n    res = hook_impl.function(*args)\n  File \"C:\\Users\\syz\\AppData\\Local\\Programs\\Python\\Python37-32\\lib\\site-packages\\_pytest\\fixtures.py\", line 1126, in pytest_fixture_setup\n    result = call_fixture_func(fixturefunc, request, kwargs)\n  File \"C:\\Users\\syz\\AppData\\Local\\Programs\\Python\\Python37-32\\lib\\site-packages\\_pytest\\fixtures.py\", line 932, in call_fixture_func\n    fixture_result = fixturefunc(**kwargs)\n  File \"D:\\python_Code\\pythonProject\\pythonclasses\\autoclass\\day10\\apiautotest\\conftest.py\", line 20, in get_key\n    return test_user_api.test_user_login()\n  File \"D:\\python_Code\\pythonProject\\pythonclasses\\autoclass\\day10\\apiautotest\\testcase\\test_user_api.py\", line 28, in test_user_login\n    assert res.json()[\"code\"] == \"1\"\n",
    "steps" : [ ],
    "attachments" : [ ],
    "parameters" : [ ],
    "attachmentsCount" : 0,
    "shouldDisplayMessage" : true,
    "hasContent" : true,
    "stepsCount" : 0
  } ],
  "afterStages" : [ ],
  "labels" : [ {
    "name" : "parentSuite",
    "value" : "testcase"
  }, {
    "name" : "suite",
    "value" : "test_user_api"
  }, {
    "name" : "host",
    "value" : "syzpc"
  }, {
    "name" : "thread",
    "value" : "4788-MainThread"
  }, {
    "name" : "framework",
    "value" : "pytest"
  }, {
    "name" : "language",
    "value" : "cpython3"
  }, {
    "name" : "package",
    "value" : "testcase.test_user_api"
  }, {
    "name" : "resultFormat",
    "value" : "allure2"
  } ],
  "parameters" : [ ],
  "links" : [ ],
  "hidden" : true,
  "retry" : true,
  "extra" : {
    "categories" : [ ],
    "tags" : [ ]
  },
  "source" : "3b0dce315045c08b.json",
  "parameterValues" : [ ]
}