{"name": "test_user_login", "status": "failed", "statusDetails": {"message": "AssertionError: assert '2' == '1'\n  - 1\n  + 2", "trace": "def test_user_login():\n    \turl_path = \"https://newecshop.longtest.cn/shopapi/index.php/user/login\"\n    \tres = requests.post(url=url_path, data=data[0], verify=False)\n    \tassert res.status_code == 200\n>   \tassert res.json()[\"code\"] == \"1\"\nE    AssertionError: assert '2' == '1'\nE      - 1\nE      + 2\n\ntest_user_api.py:28: AssertionError"}, "start": 1689262843546, "stop": 1689262843695, "uuid": "b877e70d-d830-4c01-b613-94c864814853", "historyId": "5e392a87a0e8cf9eaddd381eb9492021", "testCaseId": "00f3d44a23259372d131c8702ff93fe0", "fullName": "testcase.test_user_api#test_user_login", "labels": [{"name": "parentSuite", "value": "testcase"}, {"name": "suite", "value": "test_user_api"}, {"name": "host", "value": "syzpc"}, {"name": "thread", "value": "17252-MainThread"}, {"name": "framework", "value": "pytest"}, {"name": "language", "value": "cpython3"}, {"name": "package", "value": "testcase.test_user_api"}]}