{"name": "test_user_info", "status": "failed", "statusDetails": {"message": "AssertionError: assert '2' == '1'\n  - 1\n  + 2", "trace": "def test_user_login():\n    \turl_path = \"https://newecshop.longtest.cn/shopapi/index.php/user/login\"\n    \tres = requests.post(url=url_path, data=data[0], verify=False)\n    \tassert res.status_code == 200\n>   \tassert res.json()[\"code\"] == \"1\"\nE    AssertionError: assert '2' == '1'\nE      - 1\nE      + 2\n\ntestcase\\test_user_api.py:28: AssertionError"}, "start": 1689262767469, "stop": 1689262767470, "uuid": "4847026c-db08-43aa-80bb-799538208973", "historyId": "8bd266c1342dd73146741a87aebdeab3", "testCaseId": "1abddd33c98ce44d6f184b65e9567979", "fullName": "testcase.test_user_api#test_user_info", "labels": [{"name": "parentSuite", "value": "testcase"}, {"name": "suite", "value": "test_user_api"}, {"name": "host", "value": "syzpc"}, {"name": "thread", "value": "4788-MainThread"}, {"name": "framework", "value": "pytest"}, {"name": "language", "value": "cpython3"}, {"name": "package", "value": "testcase.test_user_api"}]}