{"name": "test_user_order", "status": "failed", "statusDetails": {"message": "AssertionError: assert '2' == '1'\n  - 1\n  + 2", "trace": "def test_user_login():\n    \turl_path = \"https://newecshop.longtest.cn/shopapi/index.php/user/login\"\n    \tres = requests.post(url=url_path, data=data[0], verify=False)\n    \tassert res.status_code == 200\n>   \tassert res.json()[\"code\"] == \"1\"\nE    AssertionError: assert '2' == '1'\nE      - 1\nE      + 2\n\ntestcase\\test_user_api.py:28: AssertionError"}, "start": 1689262767361, "stop": 1689262767361, "uuid": "cc09d3f5-bdf7-4450-810a-7bb06f13a471", "historyId": "092c9ec612be8613794a573935246d0e", "testCaseId": "205807171c5de3f5d968e5da85c94185", "fullName": "testcase.test_user_api#test_user_order", "labels": [{"name": "parentSuite", "value": "testcase"}, {"name": "suite", "value": "test_user_api"}, {"name": "host", "value": "syzpc"}, {"name": "thread", "value": "4788-MainThread"}, {"name": "framework", "value": "pytest"}, {"name": "language", "value": "cpython3"}, {"name": "package", "value": "testcase.test_user_api"}]}